host: rack-shamir8
Building DAG of jobs...
Using shell: /usr/bin/bash
Provided cores: 128
Rules claiming more threads will be scaled down.
Job stats:
job                 count
----------------  -------
create_seg_files        1
total                   1

Select jobs to execute...
Execute 1 jobs...

[Mon Mar 17 20:32:13 2025]
localrule create_seg_files:
    input: /specific/netapp5/gaga/data-scratch/ronsaad/aneuploidy/data/gistic/seg_files/BRCA/BRCA.snp__genome_wide_snp_6__broad_mit_edu__Level_3__segmented_scna_minus_germline_cnv_hg19__seg.seg.txt, /specific/netapp5/gaga/data-scratch/ronsaad/aneuploidy/output/snakemake_final/X17p/BRCA/aneuploid_samples.csv, /specific/netapp5/gaga/data-scratch/ronsaad/aneuploidy/output/snakemake_final/X17p/BRCA/non_aneuploid_samples.csv, /specific/netapp5/gaga/data-scratch/ronsaad/aneuploidy/data/gistic/BRCA/sample_cutoffs.txt
    output: /specific/netapp5/gaga/data-scratch/ronsaad/aneuploidy/output/snakemake_final/X17p/BRCA/aneuploid.seg, /specific/netapp5/gaga/data-scratch/ronsaad/aneuploidy/output/snakemake_final/X17p/BRCA/non_aneuploid.seg
    log: /specific/netapp5/gaga/data-scratch/ronsaad/aneuploidy/log/snakemake_final/X17p/BRCA/create_seg_files.log
    jobid: 0
    reason: Missing output files: /specific/netapp5/gaga/data-scratch/ronsaad/aneuploidy/output/snakemake_final/X17p/BRCA/aneuploid.seg
    wildcards: arm=X17p, cancer_type=BRCA
    resources: tmpdir=/tmp

[Mon Mar 17 20:32:36 2025]
Finished job 0.
1 of 1 steps (100%) done
Complete log: .snakemake/log/2025-03-17T203213.695393.snakemake.log
