host: rack-shamir8
Building DAG of jobs...
Using shell: /usr/bin/bash
Provided cores: 20
Rules claiming more threads will be scaled down.
Job stats:
job            count
-----------  -------
all                1
run_PRODIGY      257
total            258

Select jobs to execute...
Execute 20 jobs...

[Tue Mar 11 20:33:52 2025]
localrule run_PRODIGY:
    input: /specific/netapp5/gaga/data-scratch/ronsaad/aneuploidy/data/HiSeq/READ_HiSeq.rds, /specific/netapp5/gaga/data-scratch/ronsaad/aneuploidy/data/gistic/seg_files/READ/READ.snp__genome_wide_snp_6__broad_mit_edu__Level_3__segmented_scna_minus_germline_cnv_hg19__seg.seg.txt, /specific/netapp5/gaga/data-scratch/ronsaad/aneuploidy/out/PRODIGY/pathways/reactome.RDS
    output: /specific/netapp5/gaga/data-scratch/ronsaad/aneuploidy/output/snakemake_final/PRODIGY/177_READ_X14q_1_64929657_res.csv
    log: /specific/netapp5/gaga/data-scratch/ronsaad/aneuploidy/log/snakemake_final/PRODIGY/177_READ_X14q_1_64929657.log
    jobid: 177
    reason: Missing output files: /specific/netapp5/gaga/data-scratch/ronsaad/aneuploidy/output/snakemake_final/PRODIGY/177_READ_X14q_1_64929657_res.csv
    wildcards: index=177, cancer_type=READ, arm=X14q, region_start=1, region_end=64929657
    resources: tmpdir=/tmp


[Tue Mar 11 20:33:52 2025]
localrule run_PRODIGY:
    input: /specific/netapp5/gaga/data-scratch/ronsaad/aneuploidy/data/HiSeq/HNSC_HiSeq.rds, /specific/netapp5/gaga/data-scratch/ronsaad/aneuploidy/data/gistic/seg_files/HNSC/HNSC.snp__genome_wide_snp_6__broad_mit_edu__Level_3__segmented_scna_minus_germline_cnv_hg19__seg.seg.txt, /specific/netapp5/gaga/data-scratch/ronsaad/aneuploidy/out/PRODIGY/pathways/reactome.RDS
    output: /specific/netapp5/gaga/data-scratch/ronsaad/aneuploidy/output/snakemake_final/PRODIGY/159_HNSC_X13q_34539992_57135901_res.csv
    log: /specific/netapp5/gaga/data-scratch/ronsaad/aneuploidy/log/snakemake_final/PRODIGY/159_HNSC_X13q_34539992_57135901.log
    jobid: 159
    reason: Missing output files: /specific/netapp5/gaga/data-scratch/ronsaad/aneuploidy/output/snakemake_final/PRODIGY/159_HNSC_X13q_34539992_57135901_res.csv
    wildcards: index=159, cancer_type=HNSC, arm=X13q, region_start=34539992, region_end=57135901
    resources: tmpdir=/tmp


[Tue Mar 11 20:33:52 2025]
localrule run_PRODIGY:
    input: /specific/netapp5/gaga/data-scratch/ronsaad/aneuploidy/data/HiSeq/KIRC_HiSeq.rds, /specific/netapp5/gaga/data-scratch/ronsaad/aneuploidy/data/gistic/seg_files/KIRC/KIRC.snp__genome_wide_snp_6__broad_mit_edu__Level_3__segmented_scna_minus_germline_cnv_hg19__seg.seg.txt, /specific/netapp5/gaga/data-scratch/ronsaad/aneuploidy/out/PRODIGY/pathways/reactome.RDS
    output: /specific/netapp5/gaga/data-scratch/ronsaad/aneuploidy/output/snakemake_final/PRODIGY/174_KIRC_X14q_45721095_47120973_res.csv
    log: /specific/netapp5/gaga/data-scratch/ronsaad/aneuploidy/log/snakemake_final/PRODIGY/174_KIRC_X14q_45721095_47120973.log
    jobid: 174
    reason: Missing output files: /specific/netapp5/gaga/data-scratch/ronsaad/aneuploidy/output/snakemake_final/PRODIGY/174_KIRC_X14q_45721095_47120973_res.csv
    wildcards: index=174, cancer_type=KIRC, arm=X14q, region_start=45721095, region_end=47120973
    resources: tmpdir=/tmp


[Tue Mar 11 20:33:52 2025]
localrule run_PRODIGY:
    input: /specific/netapp5/gaga/data-scratch/ronsaad/aneuploidy/data/HiSeq/COAD_HiSeq.rds, /specific/netapp5/gaga/data-scratch/ronsaad/aneuploidy/data/gistic/seg_files/COAD/COAD.snp__genome_wide_snp_6__broad_mit_edu__Level_3__segmented_scna_minus_germline_cnv_hg19__seg.seg.txt, /specific/netapp5/gaga/data-scratch/ronsaad/aneuploidy/out/PRODIGY/pathways/reactome.RDS
    output: /specific/netapp5/gaga/data-scratch/ronsaad/aneuploidy/output/snakemake_final/PRODIGY/184_COAD_X15q_1_44164004_res.csv
    log: /specific/netapp5/gaga/data-scratch/ronsaad/aneuploidy/log/snakemake_final/PRODIGY/184_COAD_X15q_1_44164004.log
    jobid: 184
    reason: Missing output files: /specific/netapp5/gaga/data-scratch/ronsaad/aneuploidy/output/snakemake_final/PRODIGY/184_COAD_X15q_1_44164004_res.csv
    wildcards: index=184, cancer_type=COAD, arm=X15q, region_start=1, region_end=44164004
    resources: tmpdir=/tmp


[Tue Mar 11 20:33:52 2025]
localrule run_PRODIGY:
    input: /specific/netapp5/gaga/data-scratch/ronsaad/aneuploidy/data/HiSeq/LIHC_HiSeq.rds, /specific/netapp5/gaga/data-scratch/ronsaad/aneuploidy/data/gistic/seg_files/LIHC/LIHC.snp__genome_wide_snp_6__broad_mit_edu__Level_3__segmented_scna_minus_germline_cnv_hg19__seg.seg.txt, /specific/netapp5/gaga/data-scratch/ronsaad/aneuploidy/out/PRODIGY/pathways/reactome.RDS
    output: /specific/netapp5/gaga/data-scratch/ronsaad/aneuploidy/output/snakemake_final/PRODIGY/160_LIHC_X13q_48875329_49064807_res.csv
    log: /specific/netapp5/gaga/data-scratch/ronsaad/aneuploidy/log/snakemake_final/PRODIGY/160_LIHC_X13q_48875329_49064807.log
    jobid: 160
    reason: Missing output files: /specific/netapp5/gaga/data-scratch/ronsaad/aneuploidy/output/snakemake_final/PRODIGY/160_LIHC_X13q_48875329_49064807_res.csv
    wildcards: index=160, cancer_type=LIHC, arm=X13q, region_start=48875329, region_end=49064807
    resources: tmpdir=/tmp


[Tue Mar 11 20:33:52 2025]
localrule run_PRODIGY:
    input: /specific/netapp5/gaga/data-scratch/ronsaad/aneuploidy/data/HiSeq/LUAD_HiSeq.rds, /specific/netapp5/gaga/data-scratch/ronsaad/aneuploidy/data/gistic/seg_files/LUAD/LUAD.snp__genome_wide_snp_6__broad_mit_edu__Level_3__segmented_scna_minus_germline_cnv_hg19__seg.seg.txt, /specific/netapp5/gaga/data-scratch/ronsaad/aneuploidy/out/PRODIGY/pathways/reactome.RDS
    output: /specific/netapp5/gaga/data-scratch/ronsaad/aneuploidy/output/snakemake_final/PRODIGY/211_LUAD_X17p_1_81195210_res.csv
    log: /specific/netapp5/gaga/data-scratch/ronsaad/aneuploidy/log/snakemake_final/PRODIGY/211_LUAD_X17p_1_81195210.log
    jobid: 211
    reason: Missing output files: /specific/netapp5/gaga/data-scratch/ronsaad/aneuploidy/output/snakemake_final/PRODIGY/211_LUAD_X17p_1_81195210_res.csv
    wildcards: index=211, cancer_type=LUAD, arm=X17p, region_start=1, region_end=81195210
    resources: tmpdir=/tmp


[Tue Mar 11 20:33:53 2025]
localrule run_PRODIGY:
    input: /specific/netapp5/gaga/data-scratch/ronsaad/aneuploidy/data/HiSeq/ESCA_HiSeq.rds, /specific/netapp5/gaga/data-scratch/ronsaad/aneuploidy/data/gistic/seg_files/ESCA/ESCA.snp__genome_wide_snp_6__broad_mit_edu__Level_3__segmented_scna_minus_germline_cnv_hg19__seg.seg.txt, /specific/netapp5/gaga/data-scratch/ronsaad/aneuploidy/out/PRODIGY/pathways/reactome.RDS
    output: /specific/netapp5/gaga/data-scratch/ronsaad/aneuploidy/output/snakemake_final/PRODIGY/187_ESCA_X15q_1_31198928_res.csv
    log: /specific/netapp5/gaga/data-scratch/ronsaad/aneuploidy/log/snakemake_final/PRODIGY/187_ESCA_X15q_1_31198928.log
    jobid: 187
    reason: Missing output files: /specific/netapp5/gaga/data-scratch/ronsaad/aneuploidy/output/snakemake_final/PRODIGY/187_ESCA_X15q_1_31198928_res.csv
    wildcards: index=187, cancer_type=ESCA, arm=X15q, region_start=1, region_end=31198928
    resources: tmpdir=/tmp


[Tue Mar 11 20:33:53 2025]
localrule run_PRODIGY:
    input: /specific/netapp5/gaga/data-scratch/ronsaad/aneuploidy/data/HiSeq/CESC_HiSeq.rds, /specific/netapp5/gaga/data-scratch/ronsaad/aneuploidy/data/gistic/seg_files/CESC/CESC.snp__genome_wide_snp_6__broad_mit_edu__Level_3__segmented_scna_minus_germline_cnv_hg19__seg.seg.txt, /specific/netapp5/gaga/data-scratch/ronsaad/aneuploidy/out/PRODIGY/pathways/reactome.RDS
    output: /specific/netapp5/gaga/data-scratch/ronsaad/aneuploidy/output/snakemake_final/PRODIGY/205_CESC_X17p_1_28444182_res.csv
    log: /specific/netapp5/gaga/data-scratch/ronsaad/aneuploidy/log/snakemake_final/PRODIGY/205_CESC_X17p_1_28444182.log
    jobid: 205
    reason: Missing output files: /specific/netapp5/gaga/data-scratch/ronsaad/aneuploidy/output/snakemake_final/PRODIGY/205_CESC_X17p_1_28444182_res.csv
    wildcards: index=205, cancer_type=CESC, arm=X17p, region_start=1, region_end=28444182
    resources: tmpdir=/tmp


[Tue Mar 11 20:33:53 2025]
localrule run_PRODIGY:
    input: /specific/netapp5/gaga/data-scratch/ronsaad/aneuploidy/data/HiSeq/ESCA_HiSeq.rds, /specific/netapp5/gaga/data-scratch/ronsaad/aneuploidy/data/gistic/seg_files/ESCA/ESCA.snp__genome_wide_snp_6__broad_mit_edu__Level_3__segmented_scna_minus_germline_cnv_hg19__seg.seg.txt, /specific/netapp5/gaga/data-scratch/ronsaad/aneuploidy/out/PRODIGY/pathways/reactome.RDS
    output: /specific/netapp5/gaga/data-scratch/ronsaad/aneuploidy/output/snakemake_final/PRODIGY/221_ESCA_X18q_43261427_78077248_res.csv
    log: /specific/netapp5/gaga/data-scratch/ronsaad/aneuploidy/log/snakemake_final/PRODIGY/221_ESCA_X18q_43261427_78077248.log
    jobid: 221
    reason: Missing output files: /specific/netapp5/gaga/data-scratch/ronsaad/aneuploidy/output/snakemake_final/PRODIGY/221_ESCA_X18q_43261427_78077248_res.csv
    wildcards: index=221, cancer_type=ESCA, arm=X18q, region_start=43261427, region_end=78077248
    resources: tmpdir=/tmp


[Tue Mar 11 20:33:53 2025]
localrule run_PRODIGY:
    input: /specific/netapp5/gaga/data-scratch/ronsaad/aneuploidy/data/HiSeq/LUAD_HiSeq.rds, /specific/netapp5/gaga/data-scratch/ronsaad/aneuploidy/data/gistic/seg_files/LUAD/LUAD.snp__genome_wide_snp_6__broad_mit_edu__Level_3__segmented_scna_minus_germline_cnv_hg19__seg.seg.txt, /specific/netapp5/gaga/data-scratch/ronsaad/aneuploidy/out/PRODIGY/pathways/reactome.RDS
    output: /specific/netapp5/gaga/data-scratch/ronsaad/aneuploidy/output/snakemake_final/PRODIGY/107_LUAD_X9p_21931610_22448737_res.csv
    log: /specific/netapp5/gaga/data-scratch/ronsaad/aneuploidy/log/snakemake_final/PRODIGY/107_LUAD_X9p_21931610_22448737.log
    jobid: 107
    reason: Missing output files: /specific/netapp5/gaga/data-scratch/ronsaad/aneuploidy/output/snakemake_final/PRODIGY/107_LUAD_X9p_21931610_22448737_res.csv
    wildcards: index=107, cancer_type=LUAD, arm=X9p, region_start=21931610, region_end=22448737
    resources: tmpdir=/tmp


[Tue Mar 11 20:33:53 2025]
localrule run_PRODIGY:
    input: /specific/netapp5/gaga/data-scratch/ronsaad/aneuploidy/data/HiSeq/BRCA_HiSeq.rds, /specific/netapp5/gaga/data-scratch/ronsaad/aneuploidy/data/gistic/seg_files/BRCA/BRCA.snp__genome_wide_snp_6__broad_mit_edu__Level_3__segmented_scna_minus_germline_cnv_hg19__seg.seg.txt, /specific/netapp5/gaga/data-scratch/ronsaad/aneuploidy/out/PRODIGY/pathways/reactome.RDS
    output: /specific/netapp5/gaga/data-scratch/ronsaad/aneuploidy/output/snakemake_final/PRODIGY/77_BRCA_X6q_77264740_105177050_res.csv
    log: /specific/netapp5/gaga/data-scratch/ronsaad/aneuploidy/log/snakemake_final/PRODIGY/77_BRCA_X6q_77264740_105177050.log
    jobid: 77
    reason: Missing output files: /specific/netapp5/gaga/data-scratch/ronsaad/aneuploidy/output/snakemake_final/PRODIGY/77_BRCA_X6q_77264740_105177050_res.csv
    wildcards: index=77, cancer_type=BRCA, arm=X6q, region_start=77264740, region_end=105177050
    resources: tmpdir=/tmp


[Tue Mar 11 20:33:54 2025]
localrule run_PRODIGY:
    input: /specific/netapp5/gaga/data-scratch/ronsaad/aneuploidy/data/HiSeq/COAD_HiSeq.rds, /specific/netapp5/gaga/data-scratch/ronsaad/aneuploidy/data/gistic/seg_files/COAD/COAD.snp__genome_wide_snp_6__broad_mit_edu__Level_3__segmented_scna_minus_germline_cnv_hg19__seg.seg.txt, /specific/netapp5/gaga/data-scratch/ronsaad/aneuploidy/out/PRODIGY/pathways/reactome.RDS
    output: /specific/netapp5/gaga/data-scratch/ronsaad/aneuploidy/output/snakemake_final/PRODIGY/5_COAD_X1p_58878852_149898950_res.csv
    log: /specific/netapp5/gaga/data-scratch/ronsaad/aneuploidy/log/snakemake_final/PRODIGY/5_COAD_X1p_58878852_149898950.log
    jobid: 5
    reason: Missing output files: /specific/netapp5/gaga/data-scratch/ronsaad/aneuploidy/output/snakemake_final/PRODIGY/5_COAD_X1p_58878852_149898950_res.csv
    wildcards: index=5, cancer_type=COAD, arm=X1p, region_start=58878852, region_end=149898950
    resources: tmpdir=/tmp


[Tue Mar 11 20:33:54 2025]
localrule run_PRODIGY:
    input: /specific/netapp5/gaga/data-scratch/ronsaad/aneuploidy/data/HiSeq/HNSC_HiSeq.rds, /specific/netapp5/gaga/data-scratch/ronsaad/aneuploidy/data/gistic/seg_files/HNSC/HNSC.snp__genome_wide_snp_6__broad_mit_edu__Level_3__segmented_scna_minus_germline_cnv_hg19__seg.seg.txt, /specific/netapp5/gaga/data-scratch/ronsaad/aneuploidy/out/PRODIGY/pathways/reactome.RDS
    output: /specific/netapp5/gaga/data-scratch/ronsaad/aneuploidy/output/snakemake_final/PRODIGY/104_HNSC_X9p_21931610_22003135_res.csv
    log: /specific/netapp5/gaga/data-scratch/ronsaad/aneuploidy/log/snakemake_final/PRODIGY/104_HNSC_X9p_21931610_22003135.log
    jobid: 104
    reason: Missing output files: /specific/netapp5/gaga/data-scratch/ronsaad/aneuploidy/output/snakemake_final/PRODIGY/104_HNSC_X9p_21931610_22003135_res.csv
    wildcards: index=104, cancer_type=HNSC, arm=X9p, region_start=21931610, region_end=22003135
    resources: tmpdir=/tmp


[Tue Mar 11 20:33:55 2025]
localrule run_PRODIGY:
    input: /specific/netapp5/gaga/data-scratch/ronsaad/aneuploidy/data/HiSeq/BLCA_HiSeq.rds, /specific/netapp5/gaga/data-scratch/ronsaad/aneuploidy/data/gistic/seg_files/BLCA/BLCA.snp__genome_wide_snp_6__broad_mit_edu__Level_3__segmented_scna_minus_germline_cnv_hg19__seg.seg.txt, /specific/netapp5/gaga/data-scratch/ronsaad/aneuploidy/out/PRODIGY/pathways/reactome.RDS
    output: /specific/netapp5/gaga/data-scratch/ronsaad/aneuploidy/output/snakemake_final/PRODIGY/218_BLCA_X18q_31801431_78077248_res.csv
    log: /specific/netapp5/gaga/data-scratch/ronsaad/aneuploidy/log/snakemake_final/PRODIGY/218_BLCA_X18q_31801431_78077248.log
    jobid: 218
    reason: Missing output files: /specific/netapp5/gaga/data-scratch/ronsaad/aneuploidy/output/snakemake_final/PRODIGY/218_BLCA_X18q_31801431_78077248_res.csv
    wildcards: index=218, cancer_type=BLCA, arm=X18q, region_start=31801431, region_end=78077248
    resources: tmpdir=/tmp


[Tue Mar 11 20:33:56 2025]
localrule run_PRODIGY:
    input: /specific/netapp5/gaga/data-scratch/ronsaad/aneuploidy/data/HiSeq/BRCA_HiSeq.rds, /specific/netapp5/gaga/data-scratch/ronsaad/aneuploidy/data/gistic/seg_files/BRCA/BRCA.snp__genome_wide_snp_6__broad_mit_edu__Level_3__segmented_scna_minus_germline_cnv_hg19__seg.seg.txt, /specific/netapp5/gaga/data-scratch/ronsaad/aneuploidy/out/PRODIGY/pathways/reactome.RDS
    output: /specific/netapp5/gaga/data-scratch/ronsaad/aneuploidy/output/snakemake_final/PRODIGY/2_BRCA_X1p_84692534_114935947_res.csv
    log: /specific/netapp5/gaga/data-scratch/ronsaad/aneuploidy/log/snakemake_final/PRODIGY/2_BRCA_X1p_84692534_114935947.log
    jobid: 2
    reason: Missing output files: /specific/netapp5/gaga/data-scratch/ronsaad/aneuploidy/output/snakemake_final/PRODIGY/2_BRCA_X1p_84692534_114935947_res.csv
    wildcards: index=2, cancer_type=BRCA, arm=X1p, region_start=84692534, region_end=114935947
    resources: tmpdir=/tmp


[Tue Mar 11 20:33:56 2025]
localrule run_PRODIGY:
    input: /specific/netapp5/gaga/data-scratch/ronsaad/aneuploidy/data/HiSeq/STAD_HiSeq.rds, /specific/netapp5/gaga/data-scratch/ronsaad/aneuploidy/data/gistic/seg_files/STAD/STAD.snp__genome_wide_snp_6__broad_mit_edu__Level_3__segmented_scna_minus_germline_cnv_hg19__seg.seg.txt, /specific/netapp5/gaga/data-scratch/ronsaad/aneuploidy/out/PRODIGY/pathways/reactome.RDS
    output: /specific/netapp5/gaga/data-scratch/ronsaad/aneuploidy/output/snakemake_final/PRODIGY/56_STAD_X4q_91271445_93240505_res.csv
    log: /specific/netapp5/gaga/data-scratch/ronsaad/aneuploidy/log/snakemake_final/PRODIGY/56_STAD_X4q_91271445_93240505.log
    jobid: 56
    reason: Missing output files: /specific/netapp5/gaga/data-scratch/ronsaad/aneuploidy/output/snakemake_final/PRODIGY/56_STAD_X4q_91271445_93240505_res.csv
    wildcards: index=56, cancer_type=STAD, arm=X4q, region_start=91271445, region_end=93240505
    resources: tmpdir=/tmp


[Tue Mar 11 20:33:57 2025]
localrule run_PRODIGY:
    input: /specific/netapp5/gaga/data-scratch/ronsaad/aneuploidy/data/HiSeq/BLCA_HiSeq.rds, /specific/netapp5/gaga/data-scratch/ronsaad/aneuploidy/data/gistic/seg_files/BLCA/BLCA.snp__genome_wide_snp_6__broad_mit_edu__Level_3__segmented_scna_minus_germline_cnv_hg19__seg.seg.txt, /specific/netapp5/gaga/data-scratch/ronsaad/aneuploidy/out/PRODIGY/pathways/reactome.RDS
    output: /specific/netapp5/gaga/data-scratch/ronsaad/aneuploidy/output/snakemake_final/PRODIGY/74_BLCA_X6q_148058540_171115067_res.csv
    log: /specific/netapp5/gaga/data-scratch/ronsaad/aneuploidy/log/snakemake_final/PRODIGY/74_BLCA_X6q_148058540_171115067.log
    jobid: 74
    reason: Missing output files: /specific/netapp5/gaga/data-scratch/ronsaad/aneuploidy/output/snakemake_final/PRODIGY/74_BLCA_X6q_148058540_171115067_res.csv
    wildcards: index=74, cancer_type=BLCA, arm=X6q, region_start=148058540, region_end=171115067
    resources: tmpdir=/tmp


[Tue Mar 11 20:33:57 2025]
localrule run_PRODIGY:
    input: /specific/netapp5/gaga/data-scratch/ronsaad/aneuploidy/data/HiSeq/STAD_HiSeq.rds, /specific/netapp5/gaga/data-scratch/ronsaad/aneuploidy/data/gistic/seg_files/STAD/STAD.snp__genome_wide_snp_6__broad_mit_edu__Level_3__segmented_scna_minus_germline_cnv_hg19__seg.seg.txt, /specific/netapp5/gaga/data-scratch/ronsaad/aneuploidy/out/PRODIGY/pathways/reactome.RDS
    output: /specific/netapp5/gaga/data-scratch/ronsaad/aneuploidy/output/snakemake_final/PRODIGY/98_STAD_X8p_11649070_36124333_res.csv
    log: /specific/netapp5/gaga/data-scratch/ronsaad/aneuploidy/log/snakemake_final/PRODIGY/98_STAD_X8p_11649070_36124333.log
    jobid: 98
    reason: Missing output files: /specific/netapp5/gaga/data-scratch/ronsaad/aneuploidy/output/snakemake_final/PRODIGY/98_STAD_X8p_11649070_36124333_res.csv
    wildcards: index=98, cancer_type=STAD, arm=X8p, region_start=11649070, region_end=36124333
    resources: tmpdir=/tmp


[Tue Mar 11 20:33:58 2025]
localrule run_PRODIGY:
    input: /specific/netapp5/gaga/data-scratch/ronsaad/aneuploidy/data/HiSeq/LUSC_HiSeq.rds, /specific/netapp5/gaga/data-scratch/ronsaad/aneuploidy/data/gistic/seg_files/LUSC/LUSC.snp__genome_wide_snp_6__broad_mit_edu__Level_3__segmented_scna_minus_germline_cnv_hg19__seg.seg.txt, /specific/netapp5/gaga/data-scratch/ronsaad/aneuploidy/out/PRODIGY/pathways/reactome.RDS
    output: /specific/netapp5/gaga/data-scratch/ronsaad/aneuploidy/output/snakemake_final/PRODIGY/146_LUSC_X11q_120855001_135006516_res.csv
    log: /specific/netapp5/gaga/data-scratch/ronsaad/aneuploidy/log/snakemake_final/PRODIGY/146_LUSC_X11q_120855001_135006516.log
    jobid: 146
    reason: Missing output files: /specific/netapp5/gaga/data-scratch/ronsaad/aneuploidy/output/snakemake_final/PRODIGY/146_LUSC_X11q_120855001_135006516_res.csv
    wildcards: index=146, cancer_type=LUSC, arm=X11q, region_start=120855001, region_end=135006516
    resources: tmpdir=/tmp


[Tue Mar 11 20:33:58 2025]
localrule run_PRODIGY:
    input: /specific/netapp5/gaga/data-scratch/ronsaad/aneuploidy/data/HiSeq/ESCA_HiSeq.rds, /specific/netapp5/gaga/data-scratch/ronsaad/aneuploidy/data/gistic/seg_files/ESCA/ESCA.snp__genome_wide_snp_6__broad_mit_edu__Level_3__segmented_scna_minus_germline_cnv_hg19__seg.seg.txt, /specific/netapp5/gaga/data-scratch/ronsaad/aneuploidy/out/PRODIGY/pathways/reactome.RDS
    output: /specific/netapp5/gaga/data-scratch/ronsaad/aneuploidy/output/snakemake_final/PRODIGY/194_ESCA_X16q_78098006_79031486_res.csv
    log: /specific/netapp5/gaga/data-scratch/ronsaad/aneuploidy/log/snakemake_final/PRODIGY/194_ESCA_X16q_78098006_79031486.log
    jobid: 194
    reason: Missing output files: /specific/netapp5/gaga/data-scratch/ronsaad/aneuploidy/output/snakemake_final/PRODIGY/194_ESCA_X16q_78098006_79031486_res.csv
    wildcards: index=194, cancer_type=ESCA, arm=X16q, region_start=78098006, region_end=79031486
    resources: tmpdir=/tmp

[Tue Mar 11 20:37:06 2025]
Finished job 56.
1 of 258 steps (0.4%) done
Select jobs to execute...
Execute 1 jobs...

[Tue Mar 11 20:37:06 2025]
localrule run_PRODIGY:
    input: /specific/netapp5/gaga/data-scratch/ronsaad/aneuploidy/data/HiSeq/LUSC_HiSeq.rds, /specific/netapp5/gaga/data-scratch/ronsaad/aneuploidy/data/gistic/seg_files/LUSC/LUSC.snp__genome_wide_snp_6__broad_mit_edu__Level_3__segmented_scna_minus_germline_cnv_hg19__seg.seg.txt, /specific/netapp5/gaga/data-scratch/ronsaad/aneuploidy/out/PRODIGY/pathways/reactome.RDS
    output: /specific/netapp5/gaga/data-scratch/ronsaad/aneuploidy/output/snakemake_final/PRODIGY/243_LUSC_X21q_42647822_45918133_res.csv
    log: /specific/netapp5/gaga/data-scratch/ronsaad/aneuploidy/log/snakemake_final/PRODIGY/243_LUSC_X21q_42647822_45918133.log
    jobid: 243
    reason: Missing output files: /specific/netapp5/gaga/data-scratch/ronsaad/aneuploidy/output/snakemake_final/PRODIGY/243_LUSC_X21q_42647822_45918133_res.csv
    wildcards: index=243, cancer_type=LUSC, arm=X21q, region_start=42647822, region_end=45918133
    resources: tmpdir=/tmp

[Tue Mar 11 20:37:41 2025]
Finished job 187.
2 of 258 steps (1%) done
Select jobs to execute...
Execute 1 jobs...

[Tue Mar 11 20:37:41 2025]
localrule run_PRODIGY:
    input: /specific/netapp5/gaga/data-scratch/ronsaad/aneuploidy/data/HiSeq/GBM_HiSeq.rds, /specific/netapp5/gaga/data-scratch/ronsaad/aneuploidy/data/gistic/seg_files/GBM/GBM.snp__genome_wide_snp_6__broad_mit_edu__Level_3__segmented_scna_minus_germline_cnv_hg19__seg.seg.txt, /specific/netapp5/gaga/data-scratch/ronsaad/aneuploidy/out/PRODIGY/pathways/reactome.RDS
    output: /specific/netapp5/gaga/data-scratch/ronsaad/aneuploidy/output/snakemake_final/PRODIGY/171_GBM_X14q_33297556_34394000_res.csv
    log: /specific/netapp5/gaga/data-scratch/ronsaad/aneuploidy/log/snakemake_final/PRODIGY/171_GBM_X14q_33297556_34394000.log
    jobid: 171
    reason: Missing output files: /specific/netapp5/gaga/data-scratch/ronsaad/aneuploidy/output/snakemake_final/PRODIGY/171_GBM_X14q_33297556_34394000_res.csv
    wildcards: index=171, cancer_type=GBM, arm=X14q, region_start=33297556, region_end=34394000
    resources: tmpdir=/tmp

[Tue Mar 11 20:37:50 2025]
Finished job 194.
3 of 258 steps (1%) done
Select jobs to execute...
Execute 1 jobs...

[Tue Mar 11 20:37:50 2025]
localrule run_PRODIGY:
    input: /specific/netapp5/gaga/data-scratch/ronsaad/aneuploidy/data/HiSeq/PCPG_HiSeq.rds, /specific/netapp5/gaga/data-scratch/ronsaad/aneuploidy/data/gistic/seg_files/PCPG/PCPG.snp__genome_wide_snp_6__broad_mit_edu__Level_3__segmented_scna_minus_germline_cnv_hg19__seg.seg.txt, /specific/netapp5/gaga/data-scratch/ronsaad/aneuploidy/out/PRODIGY/pathways/reactome.RDS
    output: /specific/netapp5/gaga/data-scratch/ronsaad/aneuploidy/output/snakemake_final/PRODIGY/149_PCPG_X11q_1_135006516_res.csv
    log: /specific/netapp5/gaga/data-scratch/ronsaad/aneuploidy/log/snakemake_final/PRODIGY/149_PCPG_X11q_1_135006516.log
    jobid: 149
    reason: Missing output files: /specific/netapp5/gaga/data-scratch/ronsaad/aneuploidy/output/snakemake_final/PRODIGY/149_PCPG_X11q_1_135006516_res.csv
    wildcards: index=149, cancer_type=PCPG, arm=X11q, region_start=1, region_end=135006516
    resources: tmpdir=/tmp

[Tue Mar 11 20:38:25 2025]
Finished job 146.
4 of 258 steps (2%) done
Select jobs to execute...
Execute 1 jobs...

[Tue Mar 11 20:38:25 2025]
localrule run_PRODIGY:
    input: /specific/netapp5/gaga/data-scratch/ronsaad/aneuploidy/data/HiSeq/LUSC_HiSeq.rds, /specific/netapp5/gaga/data-scratch/ronsaad/aneuploidy/data/gistic/seg_files/LUSC/LUSC.snp__genome_wide_snp_6__broad_mit_edu__Level_3__segmented_scna_minus_germline_cnv_hg19__seg.seg.txt, /specific/netapp5/gaga/data-scratch/ronsaad/aneuploidy/out/PRODIGY/pathways/reactome.RDS
    output: /specific/netapp5/gaga/data-scratch/ronsaad/aneuploidy/output/snakemake_final/PRODIGY/7_LUSC_X1p_110314878_149881397_res.csv
    log: /specific/netapp5/gaga/data-scratch/ronsaad/aneuploidy/log/snakemake_final/PRODIGY/7_LUSC_X1p_110314878_149881397.log
    jobid: 7
    reason: Missing output files: /specific/netapp5/gaga/data-scratch/ronsaad/aneuploidy/output/snakemake_final/PRODIGY/7_LUSC_X1p_110314878_149881397_res.csv
    wildcards: index=7, cancer_type=LUSC, arm=X1p, region_start=110314878, region_end=149881397
    resources: tmpdir=/tmp

[Tue Mar 11 20:38:30 2025]
Finished job 107.
5 of 258 steps (2%) done
Select jobs to execute...
Execute 1 jobs...

[Tue Mar 11 20:38:30 2025]
localrule run_PRODIGY:
    input: /specific/netapp5/gaga/data-scratch/ronsaad/aneuploidy/data/HiSeq/BRCA_HiSeq.rds, /specific/netapp5/gaga/data-scratch/ronsaad/aneuploidy/data/gistic/seg_files/BRCA/BRCA.snp__genome_wide_snp_6__broad_mit_edu__Level_3__segmented_scna_minus_germline_cnv_hg19__seg.seg.txt, /specific/netapp5/gaga/data-scratch/ronsaad/aneuploidy/out/PRODIGY/pathways/reactome.RDS
    output: /specific/netapp5/gaga/data-scratch/ronsaad/aneuploidy/output/snakemake_final/PRODIGY/85_BRCA_X8p_2112968_4985851_res.csv
    log: /specific/netapp5/gaga/data-scratch/ronsaad/aneuploidy/log/snakemake_final/PRODIGY/85_BRCA_X8p_2112968_4985851.log
    jobid: 85
    reason: Missing output files: /specific/netapp5/gaga/data-scratch/ronsaad/aneuploidy/output/snakemake_final/PRODIGY/85_BRCA_X8p_2112968_4985851_res.csv
    wildcards: index=85, cancer_type=BRCA, arm=X8p, region_start=2112968, region_end=4985851
    resources: tmpdir=/tmp

[Tue Mar 11 20:38:43 2025]
Finished job 160.
6 of 258 steps (2%) done
Select jobs to execute...
Execute 1 jobs...

[Tue Mar 11 20:38:44 2025]
localrule run_PRODIGY:
    input: /specific/netapp5/gaga/data-scratch/ronsaad/aneuploidy/data/HiSeq/ESCA_HiSeq.rds, /specific/netapp5/gaga/data-scratch/ronsaad/aneuploidy/data/gistic/seg_files/ESCA/ESCA.snp__genome_wide_snp_6__broad_mit_edu__Level_3__segmented_scna_minus_germline_cnv_hg19__seg.seg.txt, /specific/netapp5/gaga/data-scratch/ronsaad/aneuploidy/out/PRODIGY/pathways/reactome.RDS
    output: /specific/netapp5/gaga/data-scratch/ronsaad/aneuploidy/output/snakemake_final/PRODIGY/240_ESCA_X21q_36102470_37406848_res.csv
    log: /specific/netapp5/gaga/data-scratch/ronsaad/aneuploidy/log/snakemake_final/PRODIGY/240_ESCA_X21q_36102470_37406848.log
    jobid: 240
    reason: Missing output files: /specific/netapp5/gaga/data-scratch/ronsaad/aneuploidy/output/snakemake_final/PRODIGY/240_ESCA_X21q_36102470_37406848_res.csv
    wildcards: index=240, cancer_type=ESCA, arm=X21q, region_start=36102470, region_end=37406848
    resources: tmpdir=/tmp

[Tue Mar 11 20:39:07 2025]
Finished job 174.
7 of 258 steps (3%) done
Select jobs to execute...
Execute 1 jobs...

[Tue Mar 11 20:39:07 2025]
localrule run_PRODIGY:
    input: /specific/netapp5/gaga/data-scratch/ronsaad/aneuploidy/data/HiSeq/LUSC_HiSeq.rds, /specific/netapp5/gaga/data-scratch/ronsaad/aneuploidy/data/gistic/seg_files/LUSC/LUSC.snp__genome_wide_snp_6__broad_mit_edu__Level_3__segmented_scna_minus_germline_cnv_hg19__seg.seg.txt, /specific/netapp5/gaga/data-scratch/ronsaad/aneuploidy/out/PRODIGY/pathways/reactome.RDS
    output: /specific/netapp5/gaga/data-scratch/ronsaad/aneuploidy/output/snakemake_final/PRODIGY/109_LUSC_X9p_21931610_22003135_res.csv
    log: /specific/netapp5/gaga/data-scratch/ronsaad/aneuploidy/log/snakemake_final/PRODIGY/109_LUSC_X9p_21931610_22003135.log
    jobid: 109
    reason: Missing output files: /specific/netapp5/gaga/data-scratch/ronsaad/aneuploidy/output/snakemake_final/PRODIGY/109_LUSC_X9p_21931610_22003135_res.csv
    wildcards: index=109, cancer_type=LUSC, arm=X9p, region_start=21931610, region_end=22003135
    resources: tmpdir=/tmp

[Tue Mar 11 20:39:20 2025]
Finished job 171.
8 of 258 steps (3%) done
Select jobs to execute...
Execute 1 jobs...

[Tue Mar 11 20:39:20 2025]
localrule run_PRODIGY:
    input: /specific/netapp5/gaga/data-scratch/ronsaad/aneuploidy/data/HiSeq/BRCA_HiSeq.rds, /specific/netapp5/gaga/data-scratch/ronsaad/aneuploidy/data/gistic/seg_files/BRCA/BRCA.snp__genome_wide_snp_6__broad_mit_edu__Level_3__segmented_scna_minus_germline_cnv_hg19__seg.seg.txt, /specific/netapp5/gaga/data-scratch/ronsaad/aneuploidy/out/PRODIGY/pathways/reactome.RDS
    output: /specific/netapp5/gaga/data-scratch/ronsaad/aneuploidy/output/snakemake_final/PRODIGY/168_BRCA_X14q_65344804_85860867_res.csv
    log: /specific/netapp5/gaga/data-scratch/ronsaad/aneuploidy/log/snakemake_final/PRODIGY/168_BRCA_X14q_65344804_85860867.log
    jobid: 168
    reason: Missing output files: /specific/netapp5/gaga/data-scratch/ronsaad/aneuploidy/output/snakemake_final/PRODIGY/168_BRCA_X14q_65344804_85860867_res.csv
    wildcards: index=168, cancer_type=BRCA, arm=X14q, region_start=65344804, region_end=85860867
    resources: tmpdir=/tmp

[Tue Mar 11 20:39:20 2025]
Finished job 104.
9 of 258 steps (3%) done
Select jobs to execute...
Execute 1 jobs...

[Tue Mar 11 20:39:20 2025]
localrule run_PRODIGY:
    input: /specific/netapp5/gaga/data-scratch/ronsaad/aneuploidy/data/HiSeq/SARC_HiSeq.rds, /specific/netapp5/gaga/data-scratch/ronsaad/aneuploidy/data/gistic/seg_files/SARC/SARC.snp__genome_wide_snp_6__broad_mit_edu__Level_3__segmented_scna_minus_germline_cnv_hg19__seg.seg.txt, /specific/netapp5/gaga/data-scratch/ronsaad/aneuploidy/out/PRODIGY/pathways/reactome.RDS
    output: /specific/netapp5/gaga/data-scratch/ronsaad/aneuploidy/output/snakemake_final/PRODIGY/133_SARC_X10q_34059131_82032749_res.csv
    log: /specific/netapp5/gaga/data-scratch/ronsaad/aneuploidy/log/snakemake_final/PRODIGY/133_SARC_X10q_34059131_82032749.log
    jobid: 133
    reason: Missing output files: /specific/netapp5/gaga/data-scratch/ronsaad/aneuploidy/output/snakemake_final/PRODIGY/133_SARC_X10q_34059131_82032749_res.csv
    wildcards: index=133, cancer_type=SARC, arm=X10q, region_start=34059131, region_end=82032749
    resources: tmpdir=/tmp

[Tue Mar 11 20:41:53 2025]
Finished job 243.
10 of 258 steps (4%) done
Select jobs to execute...
Execute 1 jobs...

[Tue Mar 11 20:41:54 2025]
localrule run_PRODIGY:
    input: /specific/netapp5/gaga/data-scratch/ronsaad/aneuploidy/data/HiSeq/STAD_HiSeq.rds, /specific/netapp5/gaga/data-scratch/ronsaad/aneuploidy/data/gistic/seg_files/STAD/STAD.snp__genome_wide_snp_6__broad_mit_edu__Level_3__segmented_scna_minus_germline_cnv_hg19__seg.seg.txt, /specific/netapp5/gaga/data-scratch/ronsaad/aneuploidy/out/PRODIGY/pathways/reactome.RDS
    output: /specific/netapp5/gaga/data-scratch/ronsaad/aneuploidy/output/snakemake_final/PRODIGY/71_STAD_X5q_58998410_59780946_res.csv
    log: /specific/netapp5/gaga/data-scratch/ronsaad/aneuploidy/log/snakemake_final/PRODIGY/71_STAD_X5q_58998410_59780946.log
    jobid: 71
    reason: Missing output files: /specific/netapp5/gaga/data-scratch/ronsaad/aneuploidy/output/snakemake_final/PRODIGY/71_STAD_X5q_58998410_59780946_res.csv
    wildcards: index=71, cancer_type=STAD, arm=X5q, region_start=58998410, region_end=59780946
    resources: tmpdir=/tmp

[Tue Mar 11 20:42:02 2025]
Finished job 240.
11 of 258 steps (4%) done
Select jobs to execute...
Execute 1 jobs...

[Tue Mar 11 20:42:02 2025]
localrule run_PRODIGY:
    input: /specific/netapp5/gaga/data-scratch/ronsaad/aneuploidy/data/HiSeq/STAD_HiSeq.rds, /specific/netapp5/gaga/data-scratch/ronsaad/aneuploidy/data/gistic/seg_files/STAD/STAD.snp__genome_wide_snp_6__broad_mit_edu__Level_3__segmented_scna_minus_germline_cnv_hg19__seg.seg.txt, /specific/netapp5/gaga/data-scratch/ronsaad/aneuploidy/out/PRODIGY/pathways/reactome.RDS
    output: /specific/netapp5/gaga/data-scratch/ronsaad/aneuploidy/output/snakemake_final/PRODIGY/199_STAD_X16q_78098006_79031486_res.csv
    log: /specific/netapp5/gaga/data-scratch/ronsaad/aneuploidy/log/snakemake_final/PRODIGY/199_STAD_X16q_78098006_79031486.log
    jobid: 199
    reason: Missing output files: /specific/netapp5/gaga/data-scratch/ronsaad/aneuploidy/output/snakemake_final/PRODIGY/199_STAD_X16q_78098006_79031486_res.csv
    wildcards: index=199, cancer_type=STAD, arm=X16q, region_start=78098006, region_end=79031486
    resources: tmpdir=/tmp

[Tue Mar 11 20:42:42 2025]
Finished job 74.
12 of 258 steps (5%) done
Select jobs to execute...
Execute 1 jobs...

[Tue Mar 11 20:42:42 2025]
localrule run_PRODIGY:
    input: /specific/netapp5/gaga/data-scratch/ronsaad/aneuploidy/data/HiSeq/PCPG_HiSeq.rds, /specific/netapp5/gaga/data-scratch/ronsaad/aneuploidy/data/gistic/seg_files/PCPG/PCPG.snp__genome_wide_snp_6__broad_mit_edu__Level_3__segmented_scna_minus_germline_cnv_hg19__seg.seg.txt, /specific/netapp5/gaga/data-scratch/ronsaad/aneuploidy/out/PRODIGY/pathways/reactome.RDS
    output: /specific/netapp5/gaga/data-scratch/ronsaad/aneuploidy/output/snakemake_final/PRODIGY/10_PCPG_X1p_98382483_149879544_res.csv
    log: /specific/netapp5/gaga/data-scratch/ronsaad/aneuploidy/log/snakemake_final/PRODIGY/10_PCPG_X1p_98382483_149879544.log
    jobid: 10
    reason: Missing output files: /specific/netapp5/gaga/data-scratch/ronsaad/aneuploidy/output/snakemake_final/PRODIGY/10_PCPG_X1p_98382483_149879544_res.csv
    wildcards: index=10, cancer_type=PCPG, arm=X1p, region_start=98382483, region_end=149879544
    resources: tmpdir=/tmp

[Tue Mar 11 20:43:35 2025]
Finished job 109.
13 of 258 steps (5%) done
Select jobs to execute...
Execute 1 jobs...

[Tue Mar 11 20:43:35 2025]
localrule run_PRODIGY:
    input: /specific/netapp5/gaga/data-scratch/ronsaad/aneuploidy/data/HiSeq/ESCA_HiSeq.rds, /specific/netapp5/gaga/data-scratch/ronsaad/aneuploidy/data/gistic/seg_files/ESCA/ESCA.snp__genome_wide_snp_6__broad_mit_edu__Level_3__segmented_scna_minus_germline_cnv_hg19__seg.seg.txt, /specific/netapp5/gaga/data-scratch/ronsaad/aneuploidy/out/PRODIGY/pathways/reactome.RDS
    output: /specific/netapp5/gaga/data-scratch/ronsaad/aneuploidy/output/snakemake_final/PRODIGY/88_ESCA_X8p_2112968_4251283_res.csv
    log: /specific/netapp5/gaga/data-scratch/ronsaad/aneuploidy/log/snakemake_final/PRODIGY/88_ESCA_X8p_2112968_4251283.log
    jobid: 88
    reason: Missing output files: /specific/netapp5/gaga/data-scratch/ronsaad/aneuploidy/output/snakemake_final/PRODIGY/88_ESCA_X8p_2112968_4251283_res.csv
    wildcards: index=88, cancer_type=ESCA, arm=X8p, region_start=2112968, region_end=4251283
    resources: tmpdir=/tmp

[Tue Mar 11 20:43:36 2025]
Finished job 159.
14 of 258 steps (5%) done
Select jobs to execute...
Execute 1 jobs...

[Tue Mar 11 20:43:36 2025]
localrule run_PRODIGY:
    input: /specific/netapp5/gaga/data-scratch/ronsaad/aneuploidy/data/HiSeq/STAD_HiSeq.rds, /specific/netapp5/gaga/data-scratch/ronsaad/aneuploidy/data/gistic/seg_files/STAD/STAD.snp__genome_wide_snp_6__broad_mit_edu__Level_3__segmented_scna_minus_germline_cnv_hg19__seg.seg.txt, /specific/netapp5/gaga/data-scratch/ronsaad/aneuploidy/out/PRODIGY/pathways/reactome.RDS
    output: /specific/netapp5/gaga/data-scratch/ronsaad/aneuploidy/output/snakemake_final/PRODIGY/257_STAD_X22q_45996783_51304566_res.csv
    log: /specific/netapp5/gaga/data-scratch/ronsaad/aneuploidy/log/snakemake_final/PRODIGY/257_STAD_X22q_45996783_51304566.log
    jobid: 257
    reason: Missing output files: /specific/netapp5/gaga/data-scratch/ronsaad/aneuploidy/output/snakemake_final/PRODIGY/257_STAD_X22q_45996783_51304566_res.csv
    wildcards: index=257, cancer_type=STAD, arm=X22q, region_start=45996783, region_end=51304566
    resources: tmpdir=/tmp

[Tue Mar 11 20:44:00 2025]
Finished job 77.
15 of 258 steps (6%) done
Select jobs to execute...
Execute 1 jobs...

[Tue Mar 11 20:44:00 2025]
localrule run_PRODIGY:
    input: /specific/netapp5/gaga/data-scratch/ronsaad/aneuploidy/data/HiSeq/STAD_HiSeq.rds, /specific/netapp5/gaga/data-scratch/ronsaad/aneuploidy/data/gistic/seg_files/STAD/STAD.snp__genome_wide_snp_6__broad_mit_edu__Level_3__segmented_scna_minus_germline_cnv_hg19__seg.seg.txt, /specific/netapp5/gaga/data-scratch/ronsaad/aneuploidy/out/PRODIGY/pathways/reactome.RDS
    output: /specific/netapp5/gaga/data-scratch/ronsaad/aneuploidy/output/snakemake_final/PRODIGY/112_STAD_X9p_8885227_12687261_res.csv
    log: /specific/netapp5/gaga/data-scratch/ronsaad/aneuploidy/log/snakemake_final/PRODIGY/112_STAD_X9p_8885227_12687261.log
    jobid: 112
    reason: Missing output files: /specific/netapp5/gaga/data-scratch/ronsaad/aneuploidy/output/snakemake_final/PRODIGY/112_STAD_X9p_8885227_12687261_res.csv
    wildcards: index=112, cancer_type=STAD, arm=X9p, region_start=8885227, region_end=12687261
    resources: tmpdir=/tmp

[Tue Mar 11 20:45:26 2025]
Finished job 88.
16 of 258 steps (6%) done
Select jobs to execute...
Execute 1 jobs...

[Tue Mar 11 20:45:26 2025]
localrule run_PRODIGY:
    input: /specific/netapp5/gaga/data-scratch/ronsaad/aneuploidy/data/HiSeq/PAAD_HiSeq.rds, /specific/netapp5/gaga/data-scratch/ronsaad/aneuploidy/data/gistic/seg_files/PAAD/PAAD.snp__genome_wide_snp_6__broad_mit_edu__Level_3__segmented_scna_minus_germline_cnv_hg19__seg.seg.txt, /specific/netapp5/gaga/data-scratch/ronsaad/aneuploidy/out/PRODIGY/pathways/reactome.RDS
    output: /specific/netapp5/gaga/data-scratch/ronsaad/aneuploidy/output/snakemake_final/PRODIGY/254_PAAD_X22q_42089096_51304566_res.csv
    log: /specific/netapp5/gaga/data-scratch/ronsaad/aneuploidy/log/snakemake_final/PRODIGY/254_PAAD_X22q_42089096_51304566.log
    jobid: 254
    reason: Missing output files: /specific/netapp5/gaga/data-scratch/ronsaad/aneuploidy/output/snakemake_final/PRODIGY/254_PAAD_X22q_42089096_51304566_res.csv
    wildcards: index=254, cancer_type=PAAD, arm=X22q, region_start=42089096, region_end=51304566
    resources: tmpdir=/tmp

[Tue Mar 11 20:45:39 2025]
Finished job 85.
17 of 258 steps (7%) done
Select jobs to execute...
Execute 1 jobs...

[Tue Mar 11 20:45:39 2025]
localrule run_PRODIGY:
    input: /specific/netapp5/gaga/data-scratch/ronsaad/aneuploidy/data/HiSeq/ESCA_HiSeq.rds, /specific/netapp5/gaga/data-scratch/ronsaad/aneuploidy/data/gistic/seg_files/ESCA/ESCA.snp__genome_wide_snp_6__broad_mit_edu__Level_3__segmented_scna_minus_germline_cnv_hg19__seg.seg.txt, /specific/netapp5/gaga/data-scratch/ronsaad/aneuploidy/out/PRODIGY/pathways/reactome.RDS
    output: /specific/netapp5/gaga/data-scratch/ronsaad/aneuploidy/output/snakemake_final/PRODIGY/136_ESCA_X11p_1_63334217_res.csv
    log: /specific/netapp5/gaga/data-scratch/ronsaad/aneuploidy/log/snakemake_final/PRODIGY/136_ESCA_X11p_1_63334217.log
    jobid: 136
    reason: Missing output files: /specific/netapp5/gaga/data-scratch/ronsaad/aneuploidy/output/snakemake_final/PRODIGY/136_ESCA_X11p_1_63334217_res.csv
    wildcards: index=136, cancer_type=ESCA, arm=X11p, region_start=1, region_end=63334217
    resources: tmpdir=/tmp

[Tue Mar 11 20:46:36 2025]
Finished job 71.
18 of 258 steps (7%) done
Select jobs to execute...
Execute 1 jobs...

[Tue Mar 11 20:46:36 2025]
localrule run_PRODIGY:
    input: /specific/netapp5/gaga/data-scratch/ronsaad/aneuploidy/data/HiSeq/ESCA_HiSeq.rds, /specific/netapp5/gaga/data-scratch/ronsaad/aneuploidy/data/gistic/seg_files/ESCA/ESCA.snp__genome_wide_snp_6__broad_mit_edu__Level_3__segmented_scna_minus_germline_cnv_hg19__seg.seg.txt, /specific/netapp5/gaga/data-scratch/ronsaad/aneuploidy/out/PRODIGY/pathways/reactome.RDS
    output: /specific/netapp5/gaga/data-scratch/ronsaad/aneuploidy/output/snakemake_final/PRODIGY/143_ESCA_X11q_118392854_135006516_res.csv
    log: /specific/netapp5/gaga/data-scratch/ronsaad/aneuploidy/log/snakemake_final/PRODIGY/143_ESCA_X11q_118392854_135006516.log
    jobid: 143
    reason: Missing output files: /specific/netapp5/gaga/data-scratch/ronsaad/aneuploidy/output/snakemake_final/PRODIGY/143_ESCA_X11q_118392854_135006516_res.csv
    wildcards: index=143, cancer_type=ESCA, arm=X11q, region_start=118392854, region_end=135006516
    resources: tmpdir=/tmp

RuleException:
CalledProcessError in file /specific/netapp5/gaga/ronsaad/aneuploidy/aneuploidy/code/snakemake/scripts/new/code/snakemake_scripts/Snakefile_PRODIGY, line 42:
Command 'set -euo pipefail;  
        mkdir -p /specific/netapp5/gaga/data-scratch/ronsaad/aneuploidy/output/snakemake_final/PRODIGY /specific/netapp5/gaga/data-scratch/ronsaad/aneuploidy/log/snakemake_final/PRODIGY
        Rscript --no-save --no-restore run_PRODIGY.R             --cancer-type BRCA             --arm X1p             --region-start 84692534             --region-end 114935947             --hiSeq-data-path /specific/netapp5/gaga/data-scratch/ronsaad/aneuploidy/data/HiSeq/BRCA_HiSeq.rds             --seg-path /specific/netapp5/gaga/data-scratch/ronsaad/aneuploidy/data/gistic/seg_files/BRCA/BRCA.snp__genome_wide_snp_6__broad_mit_edu__Level_3__segmented_scna_minus_germline_cnv_hg19__seg.seg.txt             --pathway-list-path /specific/netapp5/gaga/data-scratch/ronsaad/aneuploidy/out/PRODIGY/pathways/reactome.RDS             --out /specific/netapp5/gaga/data-scratch/ronsaad/aneuploidy/output/snakemake_final/PRODIGY/2_BRCA_X1p_84692534_114935947_res.csv             > /specific/netapp5/gaga/data-scratch/ronsaad/aneuploidy/log/snakemake_final/PRODIGY/2_BRCA_X1p_84692534_114935947.log 2>&1' returned non-zero exit status 1.
[Tue Mar 11 20:46:59 2025]
Error in rule run_PRODIGY:
    jobid: 2
    input: /specific/netapp5/gaga/data-scratch/ronsaad/aneuploidy/data/HiSeq/BRCA_HiSeq.rds, /specific/netapp5/gaga/data-scratch/ronsaad/aneuploidy/data/gistic/seg_files/BRCA/BRCA.snp__genome_wide_snp_6__broad_mit_edu__Level_3__segmented_scna_minus_germline_cnv_hg19__seg.seg.txt, /specific/netapp5/gaga/data-scratch/ronsaad/aneuploidy/out/PRODIGY/pathways/reactome.RDS
    output: /specific/netapp5/gaga/data-scratch/ronsaad/aneuploidy/output/snakemake_final/PRODIGY/2_BRCA_X1p_84692534_114935947_res.csv
    log: /specific/netapp5/gaga/data-scratch/ronsaad/aneuploidy/log/snakemake_final/PRODIGY/2_BRCA_X1p_84692534_114935947.log (check log file(s) for error details)
    shell:
        
        mkdir -p /specific/netapp5/gaga/data-scratch/ronsaad/aneuploidy/output/snakemake_final/PRODIGY /specific/netapp5/gaga/data-scratch/ronsaad/aneuploidy/log/snakemake_final/PRODIGY
        Rscript --no-save --no-restore run_PRODIGY.R             --cancer-type BRCA             --arm X1p             --region-start 84692534             --region-end 114935947             --hiSeq-data-path /specific/netapp5/gaga/data-scratch/ronsaad/aneuploidy/data/HiSeq/BRCA_HiSeq.rds             --seg-path /specific/netapp5/gaga/data-scratch/ronsaad/aneuploidy/data/gistic/seg_files/BRCA/BRCA.snp__genome_wide_snp_6__broad_mit_edu__Level_3__segmented_scna_minus_germline_cnv_hg19__seg.seg.txt             --pathway-list-path /specific/netapp5/gaga/data-scratch/ronsaad/aneuploidy/out/PRODIGY/pathways/reactome.RDS             --out /specific/netapp5/gaga/data-scratch/ronsaad/aneuploidy/output/snakemake_final/PRODIGY/2_BRCA_X1p_84692534_114935947_res.csv             > /specific/netapp5/gaga/data-scratch/ronsaad/aneuploidy/log/snakemake_final/PRODIGY/2_BRCA_X1p_84692534_114935947.log 2>&1
        
        (one of the commands exited with non-zero exit code; note that snakemake uses bash strict mode!)

[Tue Mar 11 20:47:40 2025]
Finished job 199.
19 of 258 steps (7%) done
[Tue Mar 11 20:47:54 2025]
Finished job 218.
20 of 258 steps (8%) done
[Tue Mar 11 20:48:45 2025]
Finished job 221.
21 of 258 steps (8%) done
[Tue Mar 11 20:48:55 2025]
Finished job 112.
22 of 258 steps (9%) done
[Tue Mar 11 20:49:14 2025]
Finished job 184.
23 of 258 steps (9%) done
[Tue Mar 11 20:52:23 2025]
Finished job 257.
24 of 258 steps (9%) done
[Tue Mar 11 20:52:43 2025]
Finished job 168.
25 of 258 steps (10%) done
[Tue Mar 11 20:53:15 2025]
Finished job 177.
26 of 258 steps (10%) done
[Tue Mar 11 20:53:24 2025]
Finished job 205.
27 of 258 steps (10%) done
[Tue Mar 11 20:53:28 2025]
Finished job 98.
28 of 258 steps (11%) done
[Tue Mar 11 20:53:55 2025]
Finished job 7.
29 of 258 steps (11%) done
[Tue Mar 11 20:56:57 2025]
Finished job 254.
30 of 258 steps (12%) done
[Tue Mar 11 20:58:38 2025]
Finished job 133.
31 of 258 steps (12%) done
[Tue Mar 11 21:00:40 2025]
Finished job 143.
32 of 258 steps (12%) done
[Tue Mar 11 21:06:56 2025]
Finished job 5.
33 of 258 steps (13%) done
[Tue Mar 11 21:19:09 2025]
Finished job 10.
34 of 258 steps (13%) done
[Tue Mar 11 21:50:05 2025]
Finished job 136.
35 of 258 steps (14%) done
[Tue Mar 11 21:50:53 2025]
Finished job 211.
36 of 258 steps (14%) done
[Tue Mar 11 23:32:12 2025]
Finished job 149.
37 of 258 steps (14%) done
Shutting down, this might take some time.
Exiting because a job execution failed. Look above for error message
Complete log: .snakemake/log/2025-03-11T203347.935203.snakemake.log
WorkflowError:
At least one job did not complete successfully.
