host: rack-shamir8
Building DAG of jobs...
Using shell: /usr/bin/bash
Provided cores: 1 (use --cores to define parallelism)
Rules claiming more threads will be scaled down.
Job stats:
job            count
-----------  -------
all                1
run_PRODIGY        1
total              2

Select jobs to execute...
Execute 1 jobs...

[Mon Mar 10 22:37:39 2025]
localrule run_PRODIGY:
    input: /specific/netapp5/gaga/data-scratch/ronsaad/aneuploidy/data/HiSeq/BRCA_HiSeq.rds, /specific/netapp5/gaga/data-scratch/ronsaad/aneuploidy/data/gistic/seg_files/BRCA/BRCA.snp__genome_wide_snp_6__broad_mit_edu__Level_3__segmented_scna_minus_germline_cnv_hg19__seg.seg.txt, /specific/netapp5/gaga/data-scratch/ronsaad/aneuploidy/out/PRODIGY/pathways/reactome.RDS
    output: /specific/netapp5/gaga/data-scratch/ronsaad/aneuploidy/output/snakemake_final/PRODIGY/1_BRCA_X1p_10236403_22164725_res.csv
    log: /specific/netapp5/gaga/data-scratch/ronsaad/aneuploidy/log/snakemake_final/PRODIGY/1_BRCA_X1p_10236403_22164725.log
    jobid: 1
    reason: Missing output files: /specific/netapp5/gaga/data-scratch/ronsaad/aneuploidy/output/snakemake_final/PRODIGY/1_BRCA_X1p_10236403_22164725_res.csv
    wildcards: index=1, cancer_type=BRCA, arm=X1p, region_start=10236403, region_end=22164725
    resources: tmpdir=/tmp

[Mon Mar 10 22:57:02 2025]
Finished job 1.
1 of 2 steps (50%) done
Select jobs to execute...
Execute 1 jobs...

[Mon Mar 10 22:57:02 2025]
localrule all:
    input: /specific/netapp5/gaga/data-scratch/ronsaad/aneuploidy/output/snakemake_final/PRODIGY/1_BRCA_X1p_10236403_22164725_res.csv
    jobid: 0
    reason: Input files updated by another job: /specific/netapp5/gaga/data-scratch/ronsaad/aneuploidy/output/snakemake_final/PRODIGY/1_BRCA_X1p_10236403_22164725_res.csv
    resources: tmpdir=/tmp

[Mon Mar 10 22:57:02 2025]
Finished job 0.
2 of 2 steps (100%) done
Complete log: .snakemake/log/2025-03-10T223739.391621.snakemake.log
