host: rack-shamir8
Building DAG of jobs...
Using shell: /usr/bin/bash
Provided cores: 1 (use --cores to define parallelism)
Rules claiming more threads will be scaled down.
Job stats:
job            count
-----------  -------
all                1
run_PRODIGY        1
total              2

Select jobs to execute...
Execute 1 jobs...

[Mon Mar 10 22:08:35 2025]
localrule run_PRODIGY:
    input: /specific/netapp5/gaga/data-scratch/ronsaad/aneuploidy/data/HiSeq/BRCA_HiSeq.rds, /specific/netapp5/gaga/data-scratch/ronsaad/aneuploidy/data/gistic/seg_files/BRCA/BRCA.snp__genome_wide_snp_6__broad_mit_edu__Level_3__segmented_scna_minus_germline_cnv_hg19__seg.seg.txt, /specific/netapp5/gaga/data-scratch/ronsaad/aneuploidy/out/PRODIGY/pathways/reactome.RDS
    output: /specific/netapp5/gaga/data-scratch/ronsaad/aneuploidy/output/snakemake_final/PRODIGY/1_BRCA_X1p_10236403_22164725_res.csv
    log: /specific/netapp5/gaga/data-scratch/ronsaad/aneuploidy/log/snakemake_final/PRODIGY/1_BRCA_X1p_10236403_22164725.log
    jobid: 1
    reason: Missing output files: /specific/netapp5/gaga/data-scratch/ronsaad/aneuploidy/output/snakemake_final/PRODIGY/1_BRCA_X1p_10236403_22164725_res.csv
    wildcards: index=1, cancer_type=BRCA, arm=X1p, region_start=10236403, region_end=22164725
    resources: tmpdir=/tmp

RuleException:
CalledProcessError in file /specific/netapp5/gaga/ronsaad/aneuploidy/aneuploidy/code/snakemake/scripts/new/code/snakemake_scripts/Snakefile_PRODIGY, line 42:
Command 'set -euo pipefail;  
        mkdir -p /specific/netapp5/gaga/data-scratch/ronsaad/aneuploidy/output/snakemake_final/PRODIGY /specific/netapp5/gaga/data-scratch/ronsaad/aneuploidy/log/snakemake_final/PRODIGY
        Rscript --no-save --no-restore run_PRODIGY.R             --cancer-type BRCA             --arm X1p             --region-start 10236403             --region-end 22164725             --hiSeq-data-path /specific/netapp5/gaga/data-scratch/ronsaad/aneuploidy/data/HiSeq/BRCA_HiSeq.rds             --seg-path /specific/netapp5/gaga/data-scratch/ronsaad/aneuploidy/data/gistic/seg_files/BRCA/BRCA.snp__genome_wide_snp_6__broad_mit_edu__Level_3__segmented_scna_minus_germline_cnv_hg19__seg.seg.txt             --pathway-list-path /specific/netapp5/gaga/data-scratch/ronsaad/aneuploidy/out/PRODIGY/pathways/reactome.RDS             --out /specific/netapp5/gaga/data-scratch/ronsaad/aneuploidy/output/snakemake_final/PRODIGY/1_BRCA_X1p_10236403_22164725_res.csv             > /specific/netapp5/gaga/data-scratch/ronsaad/aneuploidy/log/snakemake_final/PRODIGY/1_BRCA_X1p_10236403_22164725.log 2>&1' returned non-zero exit status 1.
[Mon Mar 10 22:08:55 2025]
Error in rule run_PRODIGY:
    jobid: 1
    input: /specific/netapp5/gaga/data-scratch/ronsaad/aneuploidy/data/HiSeq/BRCA_HiSeq.rds, /specific/netapp5/gaga/data-scratch/ronsaad/aneuploidy/data/gistic/seg_files/BRCA/BRCA.snp__genome_wide_snp_6__broad_mit_edu__Level_3__segmented_scna_minus_germline_cnv_hg19__seg.seg.txt, /specific/netapp5/gaga/data-scratch/ronsaad/aneuploidy/out/PRODIGY/pathways/reactome.RDS
    output: /specific/netapp5/gaga/data-scratch/ronsaad/aneuploidy/output/snakemake_final/PRODIGY/1_BRCA_X1p_10236403_22164725_res.csv
    log: /specific/netapp5/gaga/data-scratch/ronsaad/aneuploidy/log/snakemake_final/PRODIGY/1_BRCA_X1p_10236403_22164725.log (check log file(s) for error details)
    shell:
        
        mkdir -p /specific/netapp5/gaga/data-scratch/ronsaad/aneuploidy/output/snakemake_final/PRODIGY /specific/netapp5/gaga/data-scratch/ronsaad/aneuploidy/log/snakemake_final/PRODIGY
        Rscript --no-save --no-restore run_PRODIGY.R             --cancer-type BRCA             --arm X1p             --region-start 10236403             --region-end 22164725             --hiSeq-data-path /specific/netapp5/gaga/data-scratch/ronsaad/aneuploidy/data/HiSeq/BRCA_HiSeq.rds             --seg-path /specific/netapp5/gaga/data-scratch/ronsaad/aneuploidy/data/gistic/seg_files/BRCA/BRCA.snp__genome_wide_snp_6__broad_mit_edu__Level_3__segmented_scna_minus_germline_cnv_hg19__seg.seg.txt             --pathway-list-path /specific/netapp5/gaga/data-scratch/ronsaad/aneuploidy/out/PRODIGY/pathways/reactome.RDS             --out /specific/netapp5/gaga/data-scratch/ronsaad/aneuploidy/output/snakemake_final/PRODIGY/1_BRCA_X1p_10236403_22164725_res.csv             > /specific/netapp5/gaga/data-scratch/ronsaad/aneuploidy/log/snakemake_final/PRODIGY/1_BRCA_X1p_10236403_22164725.log 2>&1
        
        (one of the commands exited with non-zero exit code; note that snakemake uses bash strict mode!)

Shutting down, this might take some time.
Exiting because a job execution failed. Look above for error message
Complete log: .snakemake/log/2025-03-10T220835.737941.snakemake.log
WorkflowError:
At least one job did not complete successfully.
